<xml>
  <appId>wx637b82a7f94123ef</appId>
  <secret>343cecbc44d69e45367a65cc9b4d3925</secret>
  <token>0b01a700891d4a2f93a4323771c32455</token>
  <aesKey>公众号EncodingAESKey</aesKey>
  <accessToken>可以不填写</accessToken>
  <expiresTime>可以不填写</expiresTime>
  <openid>o9phd5jz_We8mPs1ovmyjud97Ock</openid>
  <partnerId>微信商户平台ID</partnerId>
  <partnerKey>商户平台设置的API密钥</partnerKey>
  <keyPath>商户平台的证书文件地址</keyPath>
  <templateId>模版消息的模版ID</templateId>
  <oauth2redirectUri>网页授权获取用户信息回调地址</oauth2redirectUri>
  <qrconnectRedirectUrl>网页应用授权登陆回调地址</qrconnectRedirectUrl>
  <kfAccount>完整客服账号，格式为：账号前缀@公众号微信号</kfAccount>
</xml>
